2017-08-24 23:09:50,397  INFO [main] GoSslSocketConnector:76 - Included ciphers: null
2017-08-24 23:09:50,399  INFO [main] GoSslSocketConnector:77 - Excluded ciphers: null
2017-08-24 23:09:50,400  INFO [main] GoSslSocketConnector:78 - Included protocols: null
2017-08-24 23:09:50,400  INFO [main] GoSslSocketConnector:79 - Excluded protocols: null
2017-08-24 23:09:50,401  INFO [main] GoSslSocketConnector:80 - Renegotiation Allowed: true
2017-08-24 23:09:50,514  INFO [main] Jetty9Server:177 - Configuring Jetty using /go-working-dir/config/jetty.xml
2017-08-24 23:09:50,568  INFO [main] GoServer:97 - Including addons: 
2017-08-24 23:09:54,565  INFO [main] H2Database:128 - [db] Using connection configuration jdbc:h2:db/h2db/cruise;DB_CLOSE_DELAY=-1;DB_CLOSE_ON_EXIT=FALSE;MVCC=FALSE;CACHE_SIZE=131072;TRACE_LEVEL_FILE=1;TRACE_MAX_FILE_SIZE=16;DATABASE_EVENT_LISTENER='com.thoughtworks.go.server.util.H2EventListener' [User: sa]
2017-08-24 23:09:54,569  INFO [main] H2Database:118 - Creating data source with url=jdbc:h2:db/h2db/cruise;DB_CLOSE_DELAY=-1;DB_CLOSE_ON_EXIT=FALSE;MVCC=FALSE;CACHE_SIZE=131072;TRACE_LEVEL_FILE=1;TRACE_MAX_FILE_SIZE=16;DATABASE_EVENT_LISTENER='com.thoughtworks.go.server.util.H2EventListener'
2017-08-24 23:09:54,573  INFO [main] DbDeployMigration:48 - Upgrading database at org.apache.commons.dbcp.BasicDataSource@61d34b4. This might take a while depending on the size of the database.
2017-08-24 23:09:54,656  INFO [main] H2EventListener:30 - Initializing database: jdbc:h2:db/h2db/cruise
2017-08-24 23:09:54,903  INFO [main] H2EventListener:82 - Creating index SYS:SYS_ID 0%
2017-08-24 23:09:54,904  INFO [main] H2EventListener:82 - Creating index SYS:SYS_ID 0%
2017-08-24 23:09:55,007  INFO [main] H2EventListener:34 - Database is opened
2017-08-24 23:09:55,017  INFO [main] H2EventListener:30 - Initializing database: jdbc:h2:db/h2db/cruise
2017-08-24 23:09:55,156  INFO [main] H2EventListener:30 - Initializing database: jdbc:h2:db/h2db/cruise
2017-08-24 23:09:55,199  INFO [main] Migration_86:93 - migrating 0 rows
2017-08-24 23:09:55,738  INFO [main] DbDeployMigration:63 - Database upgraded
2017-08-24 23:09:55,739  INFO [main] H2EventListener:77 - Closing database
2017-08-24 23:09:55,903  INFO [main] H2Database:128 - [db] Using connection configuration jdbc:h2:db/h2db/cruise;DB_CLOSE_DELAY=-1;DB_CLOSE_ON_EXIT=FALSE;MVCC=TRUE;CACHE_SIZE=131072;TRACE_LEVEL_FILE=1;TRACE_MAX_FILE_SIZE=16;DATABASE_EVENT_LISTENER='com.thoughtworks.go.server.util.H2EventListener' [User: sa]
2017-08-24 23:09:55,904  INFO [main] H2Database:118 - Creating data source with url=jdbc:h2:db/h2db/cruise;DB_CLOSE_DELAY=-1;DB_CLOSE_ON_EXIT=FALSE;MVCC=TRUE;CACHE_SIZE=131072;TRACE_LEVEL_FILE=1;TRACE_MAX_FILE_SIZE=16;DATABASE_EVENT_LISTENER='com.thoughtworks.go.server.util.H2EventListener'
2017-08-24 23:09:56,579  INFO [main] H2EventListener:30 - Initializing database: jdbc:h2:db/h2db/cruise
2017-08-24 23:09:56,647  INFO [main] H2EventListener:82 - Creating index SYS:SYS_ID 0%
2017-08-24 23:09:56,649  INFO [main] H2EventListener:82 - Creating index SYS:SYS_ID 0%
2017-08-24 23:09:56,663  INFO [main] H2EventListener:34 - Database is opened
2017-08-24 23:09:56,735  INFO [main] H2EventListener:30 - Initializing database: jdbc:h2:db/h2db/cruise
2017-08-24 23:09:56,820  WARN [main] ConfigurationFactory:134 - No configuration found. Configuring ehcache from ehcache-failsafe.xml  found in the classpath: jar:file:/go-working-dir/work/jetty-0.0.0.0-8153-cruise.war-_go-any-/webapp/WEB-INF/lib/ehcache-core-2.0.0.jar!/ehcache-failsafe.xml
2017-08-24 23:09:56,849  WARN [main] CacheManager:566 - Creating a new instance of CacheManager using the diskStorePath "/tmp" which is already used by an existing CacheManager.
The source of the configuration was net.sf.ehcache.config.generator.ConfigurationSource$DefaultConfigurationSource@3d90eeb3.
The diskStore path for this CacheManager will be set to /tmp/ehcache_auto_created_1503616196849.
To avoid this warning consider using the CacheManager factory methods to create a singleton CacheManager or specifying a separate ehcache configuration (ehcache.xml) for each CacheManager instance.
2017-08-24 23:09:56,874  WARN [main] EhCacheProvider:93 - Could not find configuration [com.thoughtworks.go.config.EnvironmentVariableConfig]; using defaults.
2017-08-24 23:09:56,897  INFO [main] CipherProvider:64 - Cipher not found. Creating a new cipher file
2017-08-24 23:09:56,915  WARN [main] EhCacheProvider:93 - Could not find configuration [com.thoughtworks.go.domain.NotificationFilter]; using defaults.
2017-08-24 23:09:56,970  WARN [main] EhCacheProvider:93 - Could not find configuration [com.thoughtworks.go.domain.User]; using defaults.
2017-08-24 23:09:56,987  WARN [main] EhCacheProvider:93 - Could not find configuration [com.thoughtworks.go.domain.Plugin]; using defaults.
2017-08-24 23:09:57,004  WARN [main] EhCacheProvider:93 - Could not find configuration [com.thoughtworks.go.domain.User.notificationFilters]; using defaults.
2017-08-24 23:09:57,055  WARN [main] EhCacheProvider:93 - Could not find configuration [org.hibernate.cache.UpdateTimestampsCache]; using defaults.
2017-08-24 23:09:57,058  WARN [main] EhCacheProvider:93 - Could not find configuration [org.hibernate.cache.StandardQueryCache]; using defaults.
2017-08-24 23:09:57,396  INFO [main] ServerVersion:38 - [Startup] Go Version: 17.8.0 (5277-32ff863cce99f97b76abb1b88469a793e3b1adc5)
2017-08-24 23:09:57,404  INFO [main] ServerVersion:39 - [Startup] PID: 32
2017-08-24 23:09:57,404  INFO [main] ServerVersion:40 - [Startup] JVM properties: {jruby.rack.request.size.threshold.bytes=30000000, java.runtime.name=OpenJDK Runtime Environment, java.protocol.handler.pkgs=com.simontuffs, sun.boot.library.path=/usr/lib/jvm/java-1.8-openjdk/jre/lib/amd64, java.vm.version=25.131-b11, java.vm.vendor=Oracle Corporation, java.vendor.url=http://java.oracle.com/, path.separator=:, java.vm.name=OpenJDK 64-Bit Server VM, file.encoding.pkg=sun.io, sun.java.launcher=SUN_STANDARD, user.country=US, sun.os.patch.level=unknown, java.vm.specification.name=Java Virtual Machine Specification, user.dir=/go-working-dir, jetty.xml.file.name=jetty.xml, java.runtime.version=1.8.0_131-b11, java.awt.graphicsenv=sun.awt.X11GraphicsEnvironment, java.endorsed.dirs=/usr/lib/jvm/java-1.8-openjdk/jre/lib/endorsed, os.arch=amd64, java.io.tmpdir=/tmp, line.separator=
, java.vm.specification.vendor=Oracle Corporation, jruby.ji.objectProxyCache=false, os.name=Linux, cruise.config.dir=/go-working-dir/config, sun.jnu.encoding=UTF-8, java.library.path=/usr/lib/jvm/java-1.8-openjdk/jre/lib/amd64/server:/usr/lib/jvm/java-1.8-openjdk/jre/lib/amd64:/usr/lib/jvm/java-1.8-openjdk/jre/../lib/amd64:/usr/java/packages/lib/amd64:/usr/lib64:/lib64:/lib:/usr/lib, java.specification.name=Java Platform API Specification, java.class.version=52.0, jetty.home=/go-working-dir, sun.management.compiler=HotSpot 64-Bit Tiered Compilers, os.version=4.9.41-moby, cruise.server.port=8153, user.home=/home/go, user.timezone=GMT, java.awt.printerjob=sun.print.PSPrinterJob, file.encoding=UTF-8, java.specification.version=1.8, java.class.path=/go-server/go.jar, user.name=go, jetty.base=/go-working-dir, cruise.config.file=/go-working-dir/config/cruise-config.xml, jruby.compile.invokedynamic=false, java.vm.specification.version=1.8, sun.java.command=/go-server/go.jar, java.home=/usr/lib/jvm/java-1.8-openjdk/jre, sun.arch.data.model=64, user.language=en, java.specification.vendor=Oracle Corporation, awt.toolkit=sun.awt.X11.XToolkit, java.vm.info=mixed mode, java.version=1.8.0_131, java.ext.dirs=/usr/lib/jvm/java-1.8-openjdk/jre/lib/ext:/usr/java/packages/lib/ext, sun.boot.class.path=/usr/lib/jvm/java-1.8-openjdk/jre/lib/resources.jar:/usr/lib/jvm/java-1.8-openjdk/jre/lib/rt.jar:/usr/lib/jvm/java-1.8-openjdk/jre/lib/sunrsasign.jar:/usr/lib/jvm/java-1.8-openjdk/jre/lib/jsse.jar:/usr/lib/jvm/java-1.8-openjdk/jre/lib/jce.jar:/usr/lib/jvm/java-1.8-openjdk/jre/lib/charsets.jar:/usr/lib/jvm/java-1.8-openjdk/jre/lib/jfr.jar:/usr/lib/jvm/java-1.8-openjdk/jre/classes, java.awt.headless=true, java.vendor=Oracle Corporation, net.sf.ehcache.skipUpdateCheck=true, java.security.egd=file:/dev/./urandom, file.separator=/, java.vendor.url.bug=http://bugreport.sun.com/bugreport/, sun.io.unicode.encoding=UnicodeLittle, sun.cpu.endian=little, cruise.server.ssl.port=8154, rails.use.compressed.js=true, sun.cpu.isalist=}
2017-08-24 23:09:57,406  INFO [main] ServerVersion:41 - [Startup] Environment Variables: {PATH=/usr/local/sbin:/usr/local/bin:/usr/sbin:/usr/bin:/sbin:/bin, no_proxy=*.local, 169.254/16, STDOUT_LOG_FILE=/go-working-dir/logs/go-server.out.log, OLDPWD=/, XFILESEARCHPATH=/usr/dt/app-defaults/%L/Dt, LANG=en_US.utf8, GO_CONFIG_DIR=/go-working-dir/config, HOSTNAME=c506d665feec, LD_LIBRARY_PATH=/usr/lib/jvm/java-1.8-openjdk/jre/lib/amd64/server:/usr/lib/jvm/java-1.8-openjdk/jre/lib/amd64:/usr/lib/jvm/java-1.8-openjdk/jre/../lib/amd64, SERVER_WORK_DIR=/go-working-dir, NLSPATH=/usr/dt/lib/nls/msg/%L/%N.cat, PWD=/go-working-dir, HOME=/home/go, SHLVL=0}
2017-08-24 23:10:03,978  INFO [main] ConfigRepository:225 - Upgrading config file from version 81 to version 94
2017-08-24 23:10:04,209  WARN [Thread-75] PluginInfoBuilder:55 - Plugin settings configuration and view could not be retrieved. May be because the plugin doesn't have any plugin settings
java.lang.RuntimeException: Interaction with plugin with id 'cd.go.authentication.ldap' implementing 'authorization' extension failed while requesting for 'go.plugin-settings.get-view'. Reason: [The plugin sent a response that could not be understood by Go. Plugin returned with code '500' and the following response: 'Request go.plugin-settings.get-view is not supported by plugin.']
	at com.thoughtworks.go.plugin.access.PluginRequestHelper.submitRequest(PluginRequestHelper.java:41)
	at com.thoughtworks.go.plugin.access.common.AbstractExtension.getPluginSettingsView(AbstractExtension.java:60)
	at com.thoughtworks.go.plugin.access.common.PluginInfoBuilder.getPluginSettingsAndView(PluginInfoBuilder.java:48)
	at com.thoughtworks.go.plugin.access.authorization.AuthorizationPluginInfoBuilder.pluginInfoFor(AuthorizationPluginInfoBuilder.java:44)
	at com.thoughtworks.go.plugin.access.authorization.AuthorizationPluginInfoBuilder.pluginInfoFor(AuthorizationPluginInfoBuilder.java:29)
	at com.thoughtworks.go.plugin.access.common.MetadataLoader.pluginLoaded(MetadataLoader.java:41)
	at com.thoughtworks.go.plugin.infra.DefaultPluginManager$FilterChangeListener.pluginLoaded(DefaultPluginManager.java:253)
	at com.thoughtworks.go.plugin.infra.FelixGoPluginOSGiFramework$2.execute(FelixGoPluginOSGiFramework.java:353)
	at org.apache.commons.collections.CollectionUtils.forAllDo(CollectionUtils.java:389)
	at com.thoughtworks.go.plugin.infra.FelixGoPluginOSGiFramework.getBundle(FelixGoPluginOSGiFramework.java:111)
	at com.thoughtworks.go.plugin.infra.FelixGoPluginOSGiFramework.loadPlugin(FelixGoPluginOSGiFramework.java:97)
	at com.thoughtworks.go.plugin.infra.listeners.DefaultPluginJarChangeListener.refreshBundle(DefaultPluginJarChangeListener.java:151)
	at com.thoughtworks.go.plugin.infra.listeners.DefaultPluginJarChangeListener.addPlugin(DefaultPluginJarChangeListener.java:108)
	at com.thoughtworks.go.plugin.infra.listeners.DefaultPluginJarChangeListener.pluginJarAdded(DefaultPluginJarChangeListener.java:71)
	at com.thoughtworks.go.plugin.infra.monitor.DefaultPluginJarLocationMonitor$PluginLocationMonitorThread$DoOnAllListeners$1.execute(DefaultPluginJarLocationMonitor.java:275)
	at com.thoughtworks.go.plugin.infra.monitor.DefaultPluginJarLocationMonitor$PluginLocationMonitorThread$DoOnAllListeners.doOnAllPluginJarChangeListener(DefaultPluginJarLocationMonitor.java:306)
	at com.thoughtworks.go.plugin.infra.monitor.DefaultPluginJarLocationMonitor$PluginLocationMonitorThread$DoOnAllListeners.pluginJarAdded(DefaultPluginJarLocationMonitor.java:273)
	at com.thoughtworks.go.plugin.infra.monitor.DefaultPluginJarLocationMonitor$PluginLocationMonitorThread.notifyListenersOfAddedPlugins(DefaultPluginJarLocationMonitor.java:204)
	at com.thoughtworks.go.plugin.infra.monitor.DefaultPluginJarLocationMonitor$PluginLocationMonitorThread.loadAndNotifyPluginsFrom(DefaultPluginJarLocationMonitor.java:195)
	at com.thoughtworks.go.plugin.infra.monitor.DefaultPluginJarLocationMonitor$PluginLocationMonitorThread.oneShot(DefaultPluginJarLocationMonitor.java:187)
	at com.thoughtworks.go.plugin.infra.monitor.DefaultPluginJarLocationMonitor$PluginLocationMonitorThread.run(DefaultPluginJarLocationMonitor.java:176)
Caused by: java.lang.RuntimeException: The plugin sent a response that could not be understood by Go. Plugin returned with code '500' and the following response: 'Request go.plugin-settings.get-view is not supported by plugin.'
	at com.thoughtworks.go.plugin.access.PluginRequestHelper.submitRequest(PluginRequestHelper.java:39)
	... 20 more
2017-08-24 23:10:04,231 ERROR [Thread-75] PluginSettingsMetadataLoader:77 - Failed to fetch Plugin Settings metadata for plugin : cd.go.authentication.ldap
java.lang.RuntimeException: Interaction with plugin with id 'cd.go.authentication.ldap' implementing 'authorization' extension failed while requesting for 'go.plugin-settings.get-configuration'. Reason: [The plugin sent a response that could not be understood by Go. Plugin returned with code '500' and the following response: 'Request go.plugin-settings.get-configuration is not supported by plugin.']
	at com.thoughtworks.go.plugin.access.PluginRequestHelper.submitRequest(PluginRequestHelper.java:41)
	at com.thoughtworks.go.plugin.access.common.AbstractExtension.getPluginSettingsConfiguration(AbstractExtension.java:51)
	at com.thoughtworks.go.plugin.access.common.settings.PluginSettingsMetadataLoader.fetchPluginSettingsMetaData(PluginSettingsMetadataLoader.java:67)
	at com.thoughtworks.go.plugin.access.common.settings.PluginSettingsMetadataLoader.pluginLoaded(PluginSettingsMetadataLoader.java:47)
	at com.thoughtworks.go.plugin.infra.DefaultPluginManager$FilterChangeListener.pluginLoaded(DefaultPluginManager.java:253)
	at com.thoughtworks.go.plugin.infra.FelixGoPluginOSGiFramework$2.execute(FelixGoPluginOSGiFramework.java:353)
	at org.apache.commons.collections.CollectionUtils.forAllDo(CollectionUtils.java:389)
	at com.thoughtworks.go.plugin.infra.FelixGoPluginOSGiFramework.getBundle(FelixGoPluginOSGiFramework.java:111)
	at com.thoughtworks.go.plugin.infra.FelixGoPluginOSGiFramework.loadPlugin(FelixGoPluginOSGiFramework.java:97)
	at com.thoughtworks.go.plugin.infra.listeners.DefaultPluginJarChangeListener.refreshBundle(DefaultPluginJarChangeListener.java:151)
	at com.thoughtworks.go.plugin.infra.listeners.DefaultPluginJarChangeListener.addPlugin(DefaultPluginJarChangeListener.java:108)
	at com.thoughtworks.go.plugin.infra.listeners.DefaultPluginJarChangeListener.pluginJarAdded(DefaultPluginJarChangeListener.java:71)
	at com.thoughtworks.go.plugin.infra.monitor.DefaultPluginJarLocationMonitor$PluginLocationMonitorThread$DoOnAllListeners$1.execute(DefaultPluginJarLocationMonitor.java:275)
	at com.thoughtworks.go.plugin.infra.monitor.DefaultPluginJarLocationMonitor$PluginLocationMonitorThread$DoOnAllListeners.doOnAllPluginJarChangeListener(DefaultPluginJarLocationMonitor.java:306)
	at com.thoughtworks.go.plugin.infra.monitor.DefaultPluginJarLocationMonitor$PluginLocationMonitorThread$DoOnAllListeners.pluginJarAdded(DefaultPluginJarLocationMonitor.java:273)
	at com.thoughtworks.go.plugin.infra.monitor.DefaultPluginJarLocationMonitor$PluginLocationMonitorThread.notifyListenersOfAddedPlugins(DefaultPluginJarLocationMonitor.java:204)
	at com.thoughtworks.go.plugin.infra.monitor.DefaultPluginJarLocationMonitor$PluginLocationMonitorThread.loadAndNotifyPluginsFrom(DefaultPluginJarLocationMonitor.java:195)
	at com.thoughtworks.go.plugin.infra.monitor.DefaultPluginJarLocationMonitor$PluginLocationMonitorThread.oneShot(DefaultPluginJarLocationMonitor.java:187)
	at com.thoughtworks.go.plugin.infra.monitor.DefaultPluginJarLocationMonitor$PluginLocationMonitorThread.run(DefaultPluginJarLocationMonitor.java:176)
Caused by: java.lang.RuntimeException: The plugin sent a response that could not be understood by Go. Plugin returned with code '500' and the following response: 'Request go.plugin-settings.get-configuration is not supported by plugin.'
	at com.thoughtworks.go.plugin.access.PluginRequestHelper.submitRequest(PluginRequestHelper.java:39)
	... 18 more
2017-08-24 23:10:04,945  INFO [main] ConfigRepository:234 - Finished upgrading config file
2017-08-24 23:10:04,949  INFO [main] GoConfigMigrator:105 - [Config Save] Starting Config Save post upgrade using FullConfigSaveNormalFlow
2017-08-24 23:10:05,272 ERROR [main] ConfigRepository:191 - [CONFIG REPOSITORY] Could not fetch latest commit id
org.eclipse.jgit.api.errors.NoHeadException: No HEAD exists and no explicit starting revision was specified
	at org.eclipse.jgit.api.LogCommand.call(LogCommand.java:153)
	at com.thoughtworks.go.service.ConfigRepository.revisions(ConfigRepository.java:137)
	at com.thoughtworks.go.service.ConfigRepository.getCurrentRevCommit(ConfigRepository.java:189)
	at com.thoughtworks.go.service.ConfigRepository$3.call(ConfigRepository.java:176)
	at com.thoughtworks.go.service.ConfigRepository$3.call(ConfigRepository.java:172)
	at com.thoughtworks.go.service.ConfigRepository.doLocked(ConfigRepository.java:127)
	at com.thoughtworks.go.service.ConfigRepository.getCurrentRevision(ConfigRepository.java:172)
	at com.thoughtworks.go.service.ConfigRepository.checkin(ConfigRepository.java:107)
	at com.thoughtworks.go.config.FullConfigSaveFlow.checkinToConfigRepo(FullConfigSaveFlow.java:92)
	at com.thoughtworks.go.config.FullConfigSaveNormalFlow.execute(FullConfigSaveNormalFlow.java:66)
	at com.thoughtworks.go.config.GoConfigMigrator.upgradeConfigFile(GoConfigMigrator.java:109)
	at com.thoughtworks.go.config.GoConfigMigrator.upgrade(GoConfigMigrator.java:95)
	at com.thoughtworks.go.config.GoConfigMigrator.migrate(GoConfigMigrator.java:74)
	at com.thoughtworks.go.config.CachedGoConfig.upgradeConfig(CachedGoConfig.java:143)
	at com.thoughtworks.go.server.initializers.ApplicationInitializer.onApplicationEvent(ApplicationInitializer.java:106)
	at com.thoughtworks.go.server.initializers.ApplicationInitializer.onApplicationEvent(ApplicationInitializer.java:49)
	at org.springframework.context.event.SimpleApplicationEventMulticaster.multicastEvent(SimpleApplicationEventMulticaster.java:97)
	at org.springframework.context.support.AbstractApplicationContext.publishEvent(AbstractApplicationContext.java:327)
	at org.springframework.context.support.AbstractApplicationContext.finishRefresh(AbstractApplicationContext.java:941)
	at org.springframework.context.support.AbstractApplicationContext.refresh(AbstractApplicationContext.java:475)
	at org.springframework.web.context.ContextLoader.configureAndRefreshWebApplicationContext(ContextLoader.java:383)
	at org.springframework.web.context.ContextLoader.initWebApplicationContext(ContextLoader.java:283)
	at org.springframework.web.context.ContextLoaderListener.contextInitialized(ContextLoaderListener.java:111)
	at org.eclipse.jetty.server.handler.ContextHandler.callContextInitialized(ContextHandler.java:800)
	at org.eclipse.jetty.servlet.ServletContextHandler.callContextInitialized(ServletContextHandler.java:444)
	at org.eclipse.jetty.server.handler.ContextHandler.startContext(ContextHandler.java:791)
	at org.eclipse.jetty.servlet.ServletContextHandler.startContext(ServletContextHandler.java:294)
	at org.eclipse.jetty.webapp.WebAppContext.startWebapp(WebAppContext.java:1349)
	at org.eclipse.jetty.webapp.WebAppContext.startContext(WebAppContext.java:1342)
	at org.eclipse.jetty.server.handler.ContextHandler.doStart(ContextHandler.java:741)
	at org.eclipse.jetty.webapp.WebAppContext.doStart(WebAppContext.java:505)
	at org.eclipse.jetty.util.component.AbstractLifeCycle.start(AbstractLifeCycle.java:68)
	at org.eclipse.jetty.util.component.ContainerLifeCycle.start(ContainerLifeCycle.java:132)
	at org.eclipse.jetty.util.component.ContainerLifeCycle.doStart(ContainerLifeCycle.java:114)
	at org.eclipse.jetty.server.handler.AbstractHandler.doStart(AbstractHandler.java:61)
	at org.eclipse.jetty.util.component.AbstractLifeCycle.start(AbstractLifeCycle.java:68)
	at org.eclipse.jetty.util.component.ContainerLifeCycle.start(ContainerLifeCycle.java:132)
	at org.eclipse.jetty.server.Server.start(Server.java:387)
	at org.eclipse.jetty.util.component.ContainerLifeCycle.doStart(ContainerLifeCycle.java:114)
	at org.eclipse.jetty.server.handler.AbstractHandler.doStart(AbstractHandler.java:61)
	at org.eclipse.jetty.server.Server.doStart(Server.java:354)
	at org.eclipse.jetty.util.component.AbstractLifeCycle.start(AbstractLifeCycle.java:68)
	at com.thoughtworks.go.server.Jetty9Server.start(Jetty9Server.java:93)
	at com.thoughtworks.go.server.GoServer.startServer(GoServer.java:71)
	at com.thoughtworks.go.server.GoServer.go(GoServer.java:63)
	at com.thoughtworks.go.server.util.GoLauncher.main(GoLauncher.java:46)
	at sun.reflect.NativeMethodAccessorImpl.invoke0(Native Method)
	at sun.reflect.NativeMethodAccessorImpl.invoke(NativeMethodAccessorImpl.java:62)
	at sun.reflect.DelegatingMethodAccessorImpl.invoke(DelegatingMethodAccessorImpl.java:43)
	at java.lang.reflect.Method.invoke(Method.java:498)
	at com.simontuffs.onejar.Boot.run(Boot.java:306)
	at com.simontuffs.onejar.Boot.main(Boot.java:159)
2017-08-24 23:10:05,273  INFO [main] ConfigRepository:178 - [CONFIG REPOSITORY] Unable retrieve current cruise config revision
org.eclipse.jgit.api.errors.NoHeadException: No HEAD exists and no explicit starting revision was specified
	at org.eclipse.jgit.api.LogCommand.call(LogCommand.java:153)
	at com.thoughtworks.go.service.ConfigRepository.revisions(ConfigRepository.java:137)
	at com.thoughtworks.go.service.ConfigRepository.getCurrentRevCommit(ConfigRepository.java:189)
	at com.thoughtworks.go.service.ConfigRepository$3.call(ConfigRepository.java:176)
	at com.thoughtworks.go.service.ConfigRepository$3.call(ConfigRepository.java:172)
	at com.thoughtworks.go.service.ConfigRepository.doLocked(ConfigRepository.java:127)
	at com.thoughtworks.go.service.ConfigRepository.getCurrentRevision(ConfigRepository.java:172)
	at com.thoughtworks.go.service.ConfigRepository.checkin(ConfigRepository.java:107)
	at com.thoughtworks.go.config.FullConfigSaveFlow.checkinToConfigRepo(FullConfigSaveFlow.java:92)
	at com.thoughtworks.go.config.FullConfigSaveNormalFlow.execute(FullConfigSaveNormalFlow.java:66)
	at com.thoughtworks.go.config.GoConfigMigrator.upgradeConfigFile(GoConfigMigrator.java:109)
	at com.thoughtworks.go.config.GoConfigMigrator.upgrade(GoConfigMigrator.java:95)
	at com.thoughtworks.go.config.GoConfigMigrator.migrate(GoConfigMigrator.java:74)
	at com.thoughtworks.go.config.CachedGoConfig.upgradeConfig(CachedGoConfig.java:143)
	at com.thoughtworks.go.server.initializers.ApplicationInitializer.onApplicationEvent(ApplicationInitializer.java:106)
	at com.thoughtworks.go.server.initializers.ApplicationInitializer.onApplicationEvent(ApplicationInitializer.java:49)
	at org.springframework.context.event.SimpleApplicationEventMulticaster.multicastEvent(SimpleApplicationEventMulticaster.java:97)
	at org.springframework.context.support.AbstractApplicationContext.publishEvent(AbstractApplicationContext.java:327)
	at org.springframework.context.support.AbstractApplicationContext.finishRefresh(AbstractApplicationContext.java:941)
	at org.springframework.context.support.AbstractApplicationContext.refresh(AbstractApplicationContext.java:475)
	at org.springframework.web.context.ContextLoader.configureAndRefreshWebApplicationContext(ContextLoader.java:383)
	at org.springframework.web.context.ContextLoader.initWebApplicationContext(ContextLoader.java:283)
	at org.springframework.web.context.ContextLoaderListener.contextInitialized(ContextLoaderListener.java:111)
	at org.eclipse.jetty.server.handler.ContextHandler.callContextInitialized(ContextHandler.java:800)
	at org.eclipse.jetty.servlet.ServletContextHandler.callContextInitialized(ServletContextHandler.java:444)
	at org.eclipse.jetty.server.handler.ContextHandler.startContext(ContextHandler.java:791)
	at org.eclipse.jetty.servlet.ServletContextHandler.startContext(ServletContextHandler.java:294)
	at org.eclipse.jetty.webapp.WebAppContext.startWebapp(WebAppContext.java:1349)
	at org.eclipse.jetty.webapp.WebAppContext.startContext(WebAppContext.java:1342)
	at org.eclipse.jetty.server.handler.ContextHandler.doStart(ContextHandler.java:741)
	at org.eclipse.jetty.webapp.WebAppContext.doStart(WebAppContext.java:505)
	at org.eclipse.jetty.util.component.AbstractLifeCycle.start(AbstractLifeCycle.java:68)
	at org.eclipse.jetty.util.component.ContainerLifeCycle.start(ContainerLifeCycle.java:132)
	at org.eclipse.jetty.util.component.ContainerLifeCycle.doStart(ContainerLifeCycle.java:114)
	at org.eclipse.jetty.server.handler.AbstractHandler.doStart(AbstractHandler.java:61)
	at org.eclipse.jetty.util.component.AbstractLifeCycle.start(AbstractLifeCycle.java:68)
	at org.eclipse.jetty.util.component.ContainerLifeCycle.start(ContainerLifeCycle.java:132)
	at org.eclipse.jetty.server.Server.start(Server.java:387)
	at org.eclipse.jetty.util.component.ContainerLifeCycle.doStart(ContainerLifeCycle.java:114)
	at org.eclipse.jetty.server.handler.AbstractHandler.doStart(AbstractHandler.java:61)
	at org.eclipse.jetty.server.Server.doStart(Server.java:354)
	at org.eclipse.jetty.util.component.AbstractLifeCycle.start(AbstractLifeCycle.java:68)
	at com.thoughtworks.go.server.Jetty9Server.start(Jetty9Server.java:93)
	at com.thoughtworks.go.server.GoServer.startServer(GoServer.java:71)
	at com.thoughtworks.go.server.GoServer.go(GoServer.java:63)
	at com.thoughtworks.go.server.util.GoLauncher.main(GoLauncher.java:46)
	at sun.reflect.NativeMethodAccessorImpl.invoke0(Native Method)
	at sun.reflect.NativeMethodAccessorImpl.invoke(NativeMethodAccessorImpl.java:62)
	at sun.reflect.DelegatingMethodAccessorImpl.invoke(DelegatingMethodAccessorImpl.java:43)
	at java.lang.reflect.Method.invoke(Method.java:498)
	at com.simontuffs.onejar.Boot.run(Boot.java:306)
	at com.simontuffs.onejar.Boot.main(Boot.java:159)
2017-08-24 23:10:05,528 ERROR [Thread-75] PluginSettingsMetadataLoader:77 - Failed to fetch Plugin Settings metadata for plugin : yum
java.lang.RuntimeException: Interaction with plugin with id 'yum' implementing 'package-repository' extension failed while requesting for 'go.plugin-settings.get-configuration'. Reason: [The plugin sent a response that could not be understood by Go. Plugin returned with code '400' and the following response: 'Invalid request name go.plugin-settings.get-configuration']
	at com.thoughtworks.go.plugin.access.PluginRequestHelper.submitRequest(PluginRequestHelper.java:41)
	at com.thoughtworks.go.plugin.access.common.AbstractExtension.getPluginSettingsConfiguration(AbstractExtension.java:51)
	at com.thoughtworks.go.plugin.access.common.settings.PluginSettingsMetadataLoader.fetchPluginSettingsMetaData(PluginSettingsMetadataLoader.java:67)
	at com.thoughtworks.go.plugin.access.common.settings.PluginSettingsMetadataLoader.pluginLoaded(PluginSettingsMetadataLoader.java:47)
	at com.thoughtworks.go.plugin.infra.DefaultPluginManager$FilterChangeListener.pluginLoaded(DefaultPluginManager.java:253)
	at com.thoughtworks.go.plugin.infra.FelixGoPluginOSGiFramework$2.execute(FelixGoPluginOSGiFramework.java:353)
	at org.apache.commons.collections.CollectionUtils.forAllDo(CollectionUtils.java:389)
	at com.thoughtworks.go.plugin.infra.FelixGoPluginOSGiFramework.getBundle(FelixGoPluginOSGiFramework.java:111)
	at com.thoughtworks.go.plugin.infra.FelixGoPluginOSGiFramework.loadPlugin(FelixGoPluginOSGiFramework.java:97)
	at com.thoughtworks.go.plugin.infra.listeners.DefaultPluginJarChangeListener.refreshBundle(DefaultPluginJarChangeListener.java:151)
	at com.thoughtworks.go.plugin.infra.listeners.DefaultPluginJarChangeListener.addPlugin(DefaultPluginJarChangeListener.java:108)
	at com.thoughtworks.go.plugin.infra.listeners.DefaultPluginJarChangeListener.pluginJarAdded(DefaultPluginJarChangeListener.java:71)
	at com.thoughtworks.go.plugin.infra.monitor.DefaultPluginJarLocationMonitor$PluginLocationMonitorThread$DoOnAllListeners$1.execute(DefaultPluginJarLocationMonitor.java:275)
	at com.thoughtworks.go.plugin.infra.monitor.DefaultPluginJarLocationMonitor$PluginLocationMonitorThread$DoOnAllListeners.doOnAllPluginJarChangeListener(DefaultPluginJarLocationMonitor.java:306)
	at com.thoughtworks.go.plugin.infra.monitor.DefaultPluginJarLocationMonitor$PluginLocationMonitorThread$DoOnAllListeners.pluginJarAdded(DefaultPluginJarLocationMonitor.java:273)
	at com.thoughtworks.go.plugin.infra.monitor.DefaultPluginJarLocationMonitor$PluginLocationMonitorThread.notifyListenersOfAddedPlugins(DefaultPluginJarLocationMonitor.java:204)
	at com.thoughtworks.go.plugin.infra.monitor.DefaultPluginJarLocationMonitor$PluginLocationMonitorThread.loadAndNotifyPluginsFrom(DefaultPluginJarLocationMonitor.java:195)
	at com.thoughtworks.go.plugin.infra.monitor.DefaultPluginJarLocationMonitor$PluginLocationMonitorThread.oneShot(DefaultPluginJarLocationMonitor.java:187)
	at com.thoughtworks.go.plugin.infra.monitor.DefaultPluginJarLocationMonitor$PluginLocationMonitorThread.run(DefaultPluginJarLocationMonitor.java:176)
Caused by: java.lang.RuntimeException: The plugin sent a response that could not be understood by Go. Plugin returned with code '400' and the following response: 'Invalid request name go.plugin-settings.get-configuration'
	at com.thoughtworks.go.plugin.access.PluginRequestHelper.submitRequest(PluginRequestHelper.java:39)
	... 18 more
2017-08-24 23:10:05,601  WARN [Thread-75] PluginInfoBuilder:55 - Plugin settings configuration and view could not be retrieved. May be because the plugin doesn't have any plugin settings
java.lang.RuntimeException: Interaction with plugin with id 'yum' implementing 'package-repository' extension failed while requesting for 'go.plugin-settings.get-view'. Reason: [The plugin sent a response that could not be understood by Go. Plugin returned with code '400' and the following response: 'Invalid request name go.plugin-settings.get-view']
	at com.thoughtworks.go.plugin.access.PluginRequestHelper.submitRequest(PluginRequestHelper.java:41)
	at com.thoughtworks.go.plugin.access.common.AbstractExtension.getPluginSettingsView(AbstractExtension.java:60)
	at com.thoughtworks.go.plugin.access.common.PluginInfoBuilder.getPluginSettingsAndView(PluginInfoBuilder.java:48)
	at com.thoughtworks.go.plugin.access.packagematerial.PackageMaterialPluginInfoBuilder.pluginInfoFor(PackageMaterialPluginInfoBuilder.java:58)
	at com.thoughtworks.go.plugin.access.packagematerial.PackageMaterialPluginInfoBuilder.pluginInfoFor(PackageMaterialPluginInfoBuilder.java:38)
	at com.thoughtworks.go.plugin.access.common.MetadataLoader.pluginLoaded(MetadataLoader.java:41)
	at com.thoughtworks.go.plugin.infra.DefaultPluginManager$FilterChangeListener.pluginLoaded(DefaultPluginManager.java:253)
	at com.thoughtworks.go.plugin.infra.FelixGoPluginOSGiFramework$2.execute(FelixGoPluginOSGiFramework.java:353)
	at org.apache.commons.collections.CollectionUtils.forAllDo(CollectionUtils.java:389)
	at com.thoughtworks.go.plugin.infra.FelixGoPluginOSGiFramework.getBundle(FelixGoPluginOSGiFramework.java:111)
	at com.thoughtworks.go.plugin.infra.FelixGoPluginOSGiFramework.loadPlugin(FelixGoPluginOSGiFramework.java:97)
	at com.thoughtworks.go.plugin.infra.listeners.DefaultPluginJarChangeListener.refreshBundle(DefaultPluginJarChangeListener.java:151)
	at com.thoughtworks.go.plugin.infra.listeners.DefaultPluginJarChangeListener.addPlugin(DefaultPluginJarChangeListener.java:108)
	at com.thoughtworks.go.plugin.infra.listeners.DefaultPluginJarChangeListener.pluginJarAdded(DefaultPluginJarChangeListener.java:71)
	at com.thoughtworks.go.plugin.infra.monitor.DefaultPluginJarLocationMonitor$PluginLocationMonitorThread$DoOnAllListeners$1.execute(DefaultPluginJarLocationMonitor.java:275)
	at com.thoughtworks.go.plugin.infra.monitor.DefaultPluginJarLocationMonitor$PluginLocationMonitorThread$DoOnAllListeners.doOnAllPluginJarChangeListener(DefaultPluginJarLocationMonitor.java:306)
	at com.thoughtworks.go.plugin.infra.monitor.DefaultPluginJarLocationMonitor$PluginLocationMonitorThread$DoOnAllListeners.pluginJarAdded(DefaultPluginJarLocationMonitor.java:273)
	at com.thoughtworks.go.plugin.infra.monitor.DefaultPluginJarLocationMonitor$PluginLocationMonitorThread.notifyListenersOfAddedPlugins(DefaultPluginJarLocationMonitor.java:204)
	at com.thoughtworks.go.plugin.infra.monitor.DefaultPluginJarLocationMonitor$PluginLocationMonitorThread.loadAndNotifyPluginsFrom(DefaultPluginJarLocationMonitor.java:195)
	at com.thoughtworks.go.plugin.infra.monitor.DefaultPluginJarLocationMonitor$PluginLocationMonitorThread.oneShot(DefaultPluginJarLocationMonitor.java:187)
	at com.thoughtworks.go.plugin.infra.monitor.DefaultPluginJarLocationMonitor$PluginLocationMonitorThread.run(DefaultPluginJarLocationMonitor.java:176)
Caused by: java.lang.RuntimeException: The plugin sent a response that could not be understood by Go. Plugin returned with code '400' and the following response: 'Invalid request name go.plugin-settings.get-view'
	at com.thoughtworks.go.plugin.access.PluginRequestHelper.submitRequest(PluginRequestHelper.java:39)
	... 20 more
2017-08-24 23:10:05,608  INFO [main] CachedGoConfig:226 - About to notify config listeners
2017-08-24 23:10:05,612  INFO [main] CachedGoConfig:234 - Finished notifying all listeners
2017-08-24 23:10:05,717  INFO [main] BuildAssignmentService:255 - [Configuration Changed] Removing jobs for pipelines that no longer exist in configuration.
2017-08-24 23:10:05,763  WARN [Thread-75] PluginInfoBuilder:55 - Plugin settings configuration and view could not be retrieved. May be because the plugin doesn't have any plugin settings
java.lang.RuntimeException: Interaction with plugin with id 'cd.go.authentication.passwordfile' implementing 'authorization' extension failed while requesting for 'go.plugin-settings.get-view'. Reason: [The plugin sent a response that could not be understood by Go. Plugin returned with code '500' and the following response: 'Request go.plugin-settings.get-view is not supported by plugin.']
	at com.thoughtworks.go.plugin.access.PluginRequestHelper.submitRequest(PluginRequestHelper.java:41)
	at com.thoughtworks.go.plugin.access.common.AbstractExtension.getPluginSettingsView(AbstractExtension.java:60)
	at com.thoughtworks.go.plugin.access.common.PluginInfoBuilder.getPluginSettingsAndView(PluginInfoBuilder.java:48)
	at com.thoughtworks.go.plugin.access.authorization.AuthorizationPluginInfoBuilder.pluginInfoFor(AuthorizationPluginInfoBuilder.java:44)
	at com.thoughtworks.go.plugin.access.authorization.AuthorizationPluginInfoBuilder.pluginInfoFor(AuthorizationPluginInfoBuilder.java:29)
	at com.thoughtworks.go.plugin.access.common.MetadataLoader.pluginLoaded(MetadataLoader.java:41)
	at com.thoughtworks.go.plugin.infra.DefaultPluginManager$FilterChangeListener.pluginLoaded(DefaultPluginManager.java:253)
	at com.thoughtworks.go.plugin.infra.FelixGoPluginOSGiFramework$2.execute(FelixGoPluginOSGiFramework.java:353)
	at org.apache.commons.collections.CollectionUtils.forAllDo(CollectionUtils.java:389)
	at com.thoughtworks.go.plugin.infra.FelixGoPluginOSGiFramework.getBundle(FelixGoPluginOSGiFramework.java:111)
	at com.thoughtworks.go.plugin.infra.FelixGoPluginOSGiFramework.loadPlugin(FelixGoPluginOSGiFramework.java:97)
	at com.thoughtworks.go.plugin.infra.listeners.DefaultPluginJarChangeListener.refreshBundle(DefaultPluginJarChangeListener.java:151)
	at com.thoughtworks.go.plugin.infra.listeners.DefaultPluginJarChangeListener.addPlugin(DefaultPluginJarChangeListener.java:108)
	at com.thoughtworks.go.plugin.infra.listeners.DefaultPluginJarChangeListener.pluginJarAdded(DefaultPluginJarChangeListener.java:71)
	at com.thoughtworks.go.plugin.infra.monitor.DefaultPluginJarLocationMonitor$PluginLocationMonitorThread$DoOnAllListeners$1.execute(DefaultPluginJarLocationMonitor.java:275)
	at com.thoughtworks.go.plugin.infra.monitor.DefaultPluginJarLocationMonitor$PluginLocationMonitorThread$DoOnAllListeners.doOnAllPluginJarChangeListener(DefaultPluginJarLocationMonitor.java:306)
	at com.thoughtworks.go.plugin.infra.monitor.DefaultPluginJarLocationMonitor$PluginLocationMonitorThread$DoOnAllListeners.pluginJarAdded(DefaultPluginJarLocationMonitor.java:273)
	at com.thoughtworks.go.plugin.infra.monitor.DefaultPluginJarLocationMonitor$PluginLocationMonitorThread.notifyListenersOfAddedPlugins(DefaultPluginJarLocationMonitor.java:204)
	at com.thoughtworks.go.plugin.infra.monitor.DefaultPluginJarLocationMonitor$PluginLocationMonitorThread.loadAndNotifyPluginsFrom(DefaultPluginJarLocationMonitor.java:195)
	at com.thoughtworks.go.plugin.infra.monitor.DefaultPluginJarLocationMonitor$PluginLocationMonitorThread.oneShot(DefaultPluginJarLocationMonitor.java:187)
	at com.thoughtworks.go.plugin.infra.monitor.DefaultPluginJarLocationMonitor$PluginLocationMonitorThread.run(DefaultPluginJarLocationMonitor.java:176)
Caused by: java.lang.RuntimeException: The plugin sent a response that could not be understood by Go. Plugin returned with code '500' and the following response: 'Request go.plugin-settings.get-view is not supported by plugin.'
	at com.thoughtworks.go.plugin.access.PluginRequestHelper.submitRequest(PluginRequestHelper.java:39)
	... 20 more
2017-08-24 23:10:05,767 ERROR [Thread-75] PluginSettingsMetadataLoader:77 - Failed to fetch Plugin Settings metadata for plugin : cd.go.authentication.passwordfile
java.lang.RuntimeException: Interaction with plugin with id 'cd.go.authentication.passwordfile' implementing 'authorization' extension failed while requesting for 'go.plugin-settings.get-configuration'. Reason: [The plugin sent a response that could not be understood by Go. Plugin returned with code '500' and the following response: 'Request go.plugin-settings.get-configuration is not supported by plugin.']
	at com.thoughtworks.go.plugin.access.PluginRequestHelper.submitRequest(PluginRequestHelper.java:41)
	at com.thoughtworks.go.plugin.access.common.AbstractExtension.getPluginSettingsConfiguration(AbstractExtension.java:51)
	at com.thoughtworks.go.plugin.access.common.settings.PluginSettingsMetadataLoader.fetchPluginSettingsMetaData(PluginSettingsMetadataLoader.java:67)
	at com.thoughtworks.go.plugin.access.common.settings.PluginSettingsMetadataLoader.pluginLoaded(PluginSettingsMetadataLoader.java:47)
	at com.thoughtworks.go.plugin.infra.DefaultPluginManager$FilterChangeListener.pluginLoaded(DefaultPluginManager.java:253)
	at com.thoughtworks.go.plugin.infra.FelixGoPluginOSGiFramework$2.execute(FelixGoPluginOSGiFramework.java:353)
	at org.apache.commons.collections.CollectionUtils.forAllDo(CollectionUtils.java:389)
	at com.thoughtworks.go.plugin.infra.FelixGoPluginOSGiFramework.getBundle(FelixGoPluginOSGiFramework.java:111)
	at com.thoughtworks.go.plugin.infra.FelixGoPluginOSGiFramework.loadPlugin(FelixGoPluginOSGiFramework.java:97)
	at com.thoughtworks.go.plugin.infra.listeners.DefaultPluginJarChangeListener.refreshBundle(DefaultPluginJarChangeListener.java:151)
	at com.thoughtworks.go.plugin.infra.listeners.DefaultPluginJarChangeListener.addPlugin(DefaultPluginJarChangeListener.java:108)
	at com.thoughtworks.go.plugin.infra.listeners.DefaultPluginJarChangeListener.pluginJarAdded(DefaultPluginJarChangeListener.java:71)
	at com.thoughtworks.go.plugin.infra.monitor.DefaultPluginJarLocationMonitor$PluginLocationMonitorThread$DoOnAllListeners$1.execute(DefaultPluginJarLocationMonitor.java:275)
	at com.thoughtworks.go.plugin.infra.monitor.DefaultPluginJarLocationMonitor$PluginLocationMonitorThread$DoOnAllListeners.doOnAllPluginJarChangeListener(DefaultPluginJarLocationMonitor.java:306)
	at com.thoughtworks.go.plugin.infra.monitor.DefaultPluginJarLocationMonitor$PluginLocationMonitorThread$DoOnAllListeners.pluginJarAdded(DefaultPluginJarLocationMonitor.java:273)
	at com.thoughtworks.go.plugin.infra.monitor.DefaultPluginJarLocationMonitor$PluginLocationMonitorThread.notifyListenersOfAddedPlugins(DefaultPluginJarLocationMonitor.java:204)
	at com.thoughtworks.go.plugin.infra.monitor.DefaultPluginJarLocationMonitor$PluginLocationMonitorThread.loadAndNotifyPluginsFrom(DefaultPluginJarLocationMonitor.java:195)
	at com.thoughtworks.go.plugin.infra.monitor.DefaultPluginJarLocationMonitor$PluginLocationMonitorThread.oneShot(DefaultPluginJarLocationMonitor.java:187)
	at com.thoughtworks.go.plugin.infra.monitor.DefaultPluginJarLocationMonitor$PluginLocationMonitorThread.run(DefaultPluginJarLocationMonitor.java:176)
Caused by: java.lang.RuntimeException: The plugin sent a response that could not be understood by Go. Plugin returned with code '500' and the following response: 'Request go.plugin-settings.get-configuration is not supported by plugin.'
	at com.thoughtworks.go.plugin.access.PluginRequestHelper.submitRequest(PluginRequestHelper.java:39)
	... 18 more
2017-08-24 23:10:05,779  INFO [main] PipelineRepository:85 - Start updating pipeline timeline
2017-08-24 23:10:05,834  INFO [main] PipelineRepository:91 - Pipeline timeline updated
2017-08-24 23:10:05,835  INFO [main] PipelineSqlMapDao:98 - Loading active pipelines into memory.
2017-08-24 23:10:05,836  INFO [main] PipelineSqlMapDao:394 - Retriving Active Pipelines from Database...
2017-08-24 23:10:05,868  INFO [main] PipelineSqlMapDao:100 - Done loading active pipelines into memory.
2017-08-24 23:10:06,008  WARN [Thread-75] DefaultPluginJarLocationMonitor:308 - Plugin listener failed
java.lang.RuntimeException: Found bundled plugin with ID: [yaml.config.plugin], external plugin could not be loaded
	at com.thoughtworks.go.plugin.infra.listeners.DefaultPluginJarChangeListener.validateIfExternalPluginRemovingBundledPlugin(DefaultPluginJarChangeListener.java:128)
	at com.thoughtworks.go.plugin.infra.listeners.DefaultPluginJarChangeListener.pluginJarAdded(DefaultPluginJarChangeListener.java:69)
	at com.thoughtworks.go.plugin.infra.monitor.DefaultPluginJarLocationMonitor$PluginLocationMonitorThread$DoOnAllListeners$1.execute(DefaultPluginJarLocationMonitor.java:275)
	at com.thoughtworks.go.plugin.infra.monitor.DefaultPluginJarLocationMonitor$PluginLocationMonitorThread$DoOnAllListeners.doOnAllPluginJarChangeListener(DefaultPluginJarLocationMonitor.java:306)
	at com.thoughtworks.go.plugin.infra.monitor.DefaultPluginJarLocationMonitor$PluginLocationMonitorThread$DoOnAllListeners.pluginJarAdded(DefaultPluginJarLocationMonitor.java:273)
	at com.thoughtworks.go.plugin.infra.monitor.DefaultPluginJarLocationMonitor$PluginLocationMonitorThread.notifyListenersOfAddedPlugins(DefaultPluginJarLocationMonitor.java:204)
	at com.thoughtworks.go.plugin.infra.monitor.DefaultPluginJarLocationMonitor$PluginLocationMonitorThread.loadAndNotifyPluginsFrom(DefaultPluginJarLocationMonitor.java:195)
	at com.thoughtworks.go.plugin.infra.monitor.DefaultPluginJarLocationMonitor$PluginLocationMonitorThread.oneShot(DefaultPluginJarLocationMonitor.java:188)
	at com.thoughtworks.go.plugin.infra.monitor.DefaultPluginJarLocationMonitor$PluginLocationMonitorThread.run(DefaultPluginJarLocationMonitor.java:176)
2017-08-24 23:10:06,419  INFO [main] ConsoleActivityMonitor:67 - Found '0' building jobs. Added them with '2017-08-24T23:10:06.360Z' as the last heard time
2017-08-24 23:10:06,481  INFO [main] RailsAssetsService:66 - Found rails assets manifest file named .sprockets-manifest-80abb21c3a56f6dab0bbccbedd119684.json 
2017-08-24 23:10:06,487  INFO [main] RailsAssetsService:70 - Successfully read rails assets manifest file located at /go-working-dir/work/jetty-0.0.0.0-8153-cruise.war-_go-any-/webapp/WEB-INF/rails.new/public/assets/.sprockets-manifest-80abb21c3a56f6dab0bbccbedd119684.json
2017-08-24 23:10:29,421  INFO [cachedGoConfigRefreshExecutorThread] GoFileConfigDataSource:146 - Config file changed at 1503616207000
2017-08-24 23:10:29,422  INFO [cachedGoConfigRefreshExecutorThread] GoFileConfigDataSource:147 - Reloading config file: /go-working-dir/config/cruise-config.xml
2017-08-24 23:10:29,499  INFO [cachedGoConfigRefreshExecutorThread] CachedGoConfig:226 - About to notify config listeners
2017-08-24 23:10:29,505  INFO [cachedGoConfigRefreshExecutorThread] BuildAssignmentService:255 - [Configuration Changed] Removing jobs for pipelines that no longer exist in configuration.
2017-08-24 23:10:29,507  INFO [cachedGoConfigRefreshExecutorThread] CachedGoConfig:234 - Finished notifying all listeners
2017-08-24 23:10:31,236  WARN [qtp277630005-22] PipelineSqlMapDao:488 - No pipelines found in Config, Skipping PIM loading.
2017-08-24 23:10:32,168  INFO [qtp277630005-20] ServerVersionInfoManager:71 - [Go Update Check] Starting update check at: Thu Aug 24 23:10:32 GMT 2017
2017-08-24 23:10:32,375  INFO [qtp277630005-27] CachedCommandSnippets:57 - [Command Repository] Reloading command snippets.
2017-08-24 23:10:33,316  INFO [qtp277630005-24] ServerVersionInfoManager:86 - [Go Update Check] Update check done at: Thu Aug 24 23:10:33 GMT 2017, latest available version: 17.8.0-5277
